2025-11-02T14:42:25.110+05:30  INFO 20668 --- [prod-ready-features] [restartedMain] c.p.s.p.p.ProdReadyFeaturesApplication   : Starting ProdReadyFeaturesApplication using Java 21.0.2 with PID 20668 (C:\Users\vijay\Downloads\Anuj_spring_boot\Spring_boot_practice\prod-ready-features\target\classes started by vijay in C:\Users\vijay\Downloads\Anuj_spring_boot\Spring_boot_practice\prod-ready-features)
2025-11-02T14:42:25.116+05:30  INFO 20668 --- [prod-ready-features] [restartedMain] c.p.s.p.p.ProdReadyFeaturesApplication   : No active profile set, falling back to 1 default profile: "default"
2025-11-02T14:42:25.234+05:30  INFO 20668 --- [prod-ready-features] [restartedMain] .e.DevToolsPropertyDefaultsPostProcessor : Devtools property defaults active! Set 'spring.devtools.add-properties' to 'false' to disable
2025-11-02T14:42:25.238+05:30  INFO 20668 --- [prod-ready-features] [restartedMain] .e.DevToolsPropertyDefaultsPostProcessor : For additional web related logging consider setting the 'logging.level.web' property to 'DEBUG'
2025-11-02T14:42:27.343+05:30  INFO 20668 --- [prod-ready-features] [restartedMain] .s.d.r.c.RepositoryConfigurationDelegate : Bootstrapping Spring Data JPA repositories in DEFAULT mode.
2025-11-02T14:42:27.436+05:30  INFO 20668 --- [prod-ready-features] [restartedMain] .s.d.r.c.RepositoryConfigurationDelegate : Finished Spring Data repository scanning in 79 ms. Found 1 JPA repository interface.
2025-11-02T14:42:29.158+05:30  INFO 20668 --- [prod-ready-features] [restartedMain] o.s.b.w.embedded.tomcat.TomcatWebServer  : Tomcat initialized with port 9000 (http)
2025-11-02T14:42:29.190+05:30  INFO 20668 --- [prod-ready-features] [restartedMain] o.apache.catalina.core.StandardService   : Starting service [Tomcat]
2025-11-02T14:42:29.190+05:30  INFO 20668 --- [prod-ready-features] [restartedMain] o.apache.catalina.core.StandardEngine    : Starting Servlet engine: [Apache Tomcat/10.1.46]
2025-11-02T14:42:29.281+05:30  INFO 20668 --- [prod-ready-features] [restartedMain] o.a.c.c.C.[Tomcat].[localhost].[/]       : Initializing Spring embedded WebApplicationContext
2025-11-02T14:42:29.281+05:30  INFO 20668 --- [prod-ready-features] [restartedMain] w.s.c.ServletWebServerApplicationContext : Root WebApplicationContext: initialization completed in 4043 ms
2025-11-02T14:42:29.746+05:30  INFO 20668 --- [prod-ready-features] [restartedMain] o.hibernate.jpa.internal.util.LogHelper  : HHH000204: Processing PersistenceUnitInfo [name: default]
2025-11-02T14:42:29.879+05:30  INFO 20668 --- [prod-ready-features] [restartedMain] org.hibernate.Version                    : HHH000412: Hibernate ORM core version 6.6.29.Final
2025-11-02T14:42:29.978+05:30  INFO 20668 --- [prod-ready-features] [restartedMain] o.h.c.internal.RegionFactoryInitiator    : HHH000026: Second-level cache disabled
2025-11-02T14:42:30.206+05:30  INFO 20668 --- [prod-ready-features] [restartedMain] o.h.e.boot.internal.EnversServiceImpl    : Envers integration enabled? : true
2025-11-02T14:42:30.673+05:30  INFO 20668 --- [prod-ready-features] [restartedMain] o.s.o.j.p.SpringPersistenceUnitInfo      : No LoadTimeWeaver setup: ignoring JPA class transformer
2025-11-02T14:42:30.735+05:30  INFO 20668 --- [prod-ready-features] [restartedMain] com.zaxxer.hikari.HikariDataSource       : HikariPool-1 - Starting...
2025-11-02T14:42:31.639+05:30  INFO 20668 --- [prod-ready-features] [restartedMain] com.zaxxer.hikari.pool.HikariPool        : HikariPool-1 - Added connection com.mysql.cj.jdbc.ConnectionImpl@432fa22b
2025-11-02T14:42:31.655+05:30  INFO 20668 --- [prod-ready-features] [restartedMain] com.zaxxer.hikari.HikariDataSource       : HikariPool-1 - Start completed.
2025-11-02T14:42:31.736+05:30  WARN 20668 --- [prod-ready-features] [restartedMain] org.hibernate.orm.deprecation            : HHH90000025: MySQL8Dialect does not need to be specified explicitly using 'hibernate.dialect' (remove the property setting and it will be selected by default)
2025-11-02T14:42:31.739+05:30  WARN 20668 --- [prod-ready-features] [restartedMain] org.hibernate.orm.deprecation            : HHH90000026: MySQL8Dialect has been deprecated; use org.hibernate.dialect.MySQLDialect instead
2025-11-02T14:42:31.776+05:30  INFO 20668 --- [prod-ready-features] [restartedMain] org.hibernate.orm.connections.pooling    : HHH10001005: Database info:
	Database JDBC URL [Connecting through datasource 'HikariDataSource (HikariPool-1)']
	Database driver: undefined/unknown
	Database version: 8.0
	Autocommit mode: undefined/unknown
	Isolation level: undefined/unknown
	Minimum pool size: undefined/unknown
	Maximum pool size: undefined/unknown
2025-11-02T14:42:32.346+05:30  INFO 20668 --- [prod-ready-features] [restartedMain] o.h.e.c.i.m.AuditMetadataGenerator       : Adding properties for entity: com.practice.springboot.prod_ready_features.prod_ready_features.entities.PostEntity
2025-11-02T14:42:33.484+05:30  INFO 20668 --- [prod-ready-features] [restartedMain] o.h.e.t.j.p.i.JtaPlatformInitiator       : HHH000489: No JTA platform available (set 'hibernate.transaction.jta.platform' to enable JTA platform integration)
2025-11-02T14:42:33.619+05:30  INFO 20668 --- [prod-ready-features] [restartedMain] j.LocalContainerEntityManagerFactoryBean : Initialized JPA EntityManagerFactory for persistence unit 'default'
2025-11-02T14:42:34.336+05:30  WARN 20668 --- [prod-ready-features] [restartedMain] JpaBaseConfiguration$JpaWebConfiguration : spring.jpa.open-in-view is enabled by default. Therefore, database queries may be performed during view rendering. Explicitly configure spring.jpa.open-in-view to disable this warning
2025-11-02T14:42:35.036+05:30  INFO 20668 --- [prod-ready-features] [restartedMain] o.s.b.d.a.OptionalLiveReloadServer       : LiveReload server is running on port 35729
2025-11-02T14:42:35.088+05:30  INFO 20668 --- [prod-ready-features] [restartedMain] o.s.b.w.embedded.tomcat.TomcatWebServer  : Tomcat started on port 9000 (http) with context path '/'
2025-11-02T14:42:35.106+05:30  INFO 20668 --- [prod-ready-features] [restartedMain] c.p.s.p.p.ProdReadyFeaturesApplication   : Started ProdReadyFeaturesApplication in 10.99 seconds (process running for 13.745)
2025-11-02T14:43:11.847+05:30  INFO 20668 --- [prod-ready-features] [http-nio-9000-exec-2] o.a.c.c.C.[Tomcat].[localhost].[/]       : Initializing Spring DispatcherServlet 'dispatcherServlet'
2025-11-02T14:43:11.847+05:30  INFO 20668 --- [prod-ready-features] [http-nio-9000-exec-2] o.s.web.servlet.DispatcherServlet        : Initializing Servlet 'dispatcherServlet'
2025-11-02T14:43:11.851+05:30  INFO 20668 --- [prod-ready-features] [http-nio-9000-exec-2] o.s.web.servlet.DispatcherServlet        : Completed initialization in 4 ms
2025-11-02T14:43:12.091+05:30  INFO 20668 --- [prod-ready-features] [http-nio-9000-exec-2] c.p.s.p.p.servicies.PostServiceImpl      : Getting all posts
2025-11-02T14:43:12.746+05:30  INFO 20668 --- [prod-ready-features] [http-nio-9000-exec-2] c.p.s.p.p.servicies.PostServiceImpl      : total posts 8
